<?xml version="1.0" encoding="UTF-8"?>
<testsuite xmlns:xsi="http://www.w3.org/2001/XMLSchema-instance" xsi:noNamespaceSchemaLocation="https://maven.apache.org/surefire/maven-surefire-plugin/xsd/surefire-test-report.xsd" name="Testing" time="0.006" tests="9" errors="0" skipped="0" failures="0">
  <properties>
[...]
</properties>
  <testcase name="newschanging" classname="Testing" time="0"/>
  <testcase name="gettingnew" classname="Testing" time="0"/>
  <testcase name="delitingingcategories" classname="Testing" time="0"/>
  <testcase name="deletingnew" classname="Testing" time="0"/>
  <testcase name="getnewslist" classname="Testing" time="0"/>
  <testcase name="gettingcategories" classname="Testing" time="0"/>
  <testcase name="changingcategories" classname="Testing" time="0"/>
  <testcase name="addingnew" classname="Testing" time="0"/>
  <testcase name="addingcategory" classname="Testing" time="0"/>
</testsuite>